#
# There is insufficient memory for the Java Runtime Environment to continue.
# Native memory allocation (mmap) failed to map 268435456 bytes for Failed to commit area from 0x0000000701400000 to 0x0000000711400000 of length 268435456.
# Possible reasons:
#   The system is out of physical RAM or swap space
#   The process is running with CompressedOops enabled, and the Java Heap may be blocking the growth of the native heap
# Possible solutions:
#   Reduce memory load on the system
#   Increase physical memory or swap space
#   Check if swap backing store is full
#   Decrease Java heap size (-Xmx/-Xms)
#   Decrease number of Java threads
#   Decrease Java thread stack sizes (-Xss)
#   Set larger code cache with -XX:ReservedCodeCacheSize=
# This output file may be truncated or incomplete.
#
#  Out of Memory Error (t:/workspace/open/src/hotspot/os/windows/os_windows.cpp:3271), pid=15052, tid=23596
#
# JRE version:  (11.0.6+8) (build )
# Java VM: Java HotSpot(TM) 64-Bit Server VM (11.0.6+8-LTS, mixed mode, sharing, tiered, compressed oops, g1 gc, windows-amd64)
# No core dump will be written. Minidumps are not enabled by default on client versions of Windows
#

---------------  S U M M A R Y ------------

Command Line: -Dfile.encoding=UTF-8 --module-path=C:\Users\venth\OneDrive\Desktop\Sheridan-Semester2\SoftwareDesign\week7\HotelReservationSystem\build\classes hotelreservationsystem.HotelReservationSystem

Host: Intel(R) Core(TM) i7-8650U CPU @ 1.90GHz, 8 cores, 15G,  Windows 10 , 64 bit Build 19041 (10.0.19041.1741)
Time: Sat Jul  2 03:57:30 2022 Eastern Daylight Time elapsed time: 0 seconds (0d 0h 0m 0s)

---------------  T H R E A D  ---------------

Current thread (0x000001b511772000):  JavaThread "Unknown thread" [_thread_in_vm, id=23596, stack(0x000000841f900000,0x000000841fa00000)]

Stack: [0x000000841f900000,0x000000841fa00000]
Native frames: (J=compiled Java code, j=interpreted, Vv=VM code, C=native code)
V  [jvm.dll+0x63679a]
V  [jvm.dll+0x7755bf]
V  [jvm.dll+0x776c65]
V  [jvm.dll+0x7772d3]
V  [jvm.dll+0x25e7f8]
V  [jvm.dll+0x633c4a]
V  [jvm.dll+0x628625]
V  [jvm.dll+0x314a7c]
V  [jvm.dll+0x314902]
V  [jvm.dll+0x31a176]
V  [jvm.dll+0x36650f]
V  [jvm.dll+0x365f30]
V  [jvm.dll+0x2f1a78]
V  [jvm.dll+0x2f2bf6]
V  [jvm.dll+0x74e707]
V  [jvm.dll+0x74fe7f]
V  [jvm.dll+0x373349]
V  [jvm.dll+0x734e5e]
V  [jvm.dll+0x3e2b5d]
V  [jvm.dll+0x3e4ef1]
C  [java.exe+0x3607]
C  [java.exe+0x178dc]
C  [KERNEL32.DLL+0x17034]
C  [ntdll.dll+0x52651]


---------------  P R O C E S S  ---------------

Threads class SMR info:
_java_thread_list=0x000001b50fee3550, length=0, elements={
}

Java Threads: ( => current thread )

Other Threads:
  0x000001b511787000 GCTaskThread "GC Thread#0" [stack: 0x000000841fa00000,0x000000841fb00000] [id=20228]
  0x000001b5117e4000 ConcurrentGCThread "G1 Main Marker" [stack: 0x000000841fb00000,0x000000841fc00000] [id=20952]
  0x000001b5117e7000 ConcurrentGCThread "G1 Conc#0" [stack: 0x000000841fc00000,0x000000841fd00000] [id=22192]

[error occurred during error reporting (printing all threads), id 0xc0000005, EXCEPTION_ACCESS_VIOLATION (0xc0000005) at pc=0x00007ffa4fad0207]

VM state:not at safepoint (not fully initialized)

VM Mutex/Monitor currently owned by a thread:  ([mutex/lock_event])
[0x000001b51176de80] Heap_lock - owner thread: 0x000001b511772000

Heap address: 0x0000000701400000, size: 4076 MB, Compressed Oops mode: Non-zero based: 0x0000000701400000
Narrow klass base: 0x0000000000000000, Narrow klass shift: 0

GC Heap History (0 events):
No events

Deoptimization events (0 events):
No events

Classes redefined (0 events):
No events

Internal exceptions (0 events):
No events

Events (0 events):
No events


Dynamic libraries:
0x00007ff73f200000 - 0x00007ff73f247000 	C:\Program Files\Java\jdk-11.0.6\bin\java.exe
0x00007ffab5df0000 - 0x00007ffab5fe7000 	C:\WINDOWS\SYSTEM32\ntdll.dll
0x00007ffab5340000 - 0x00007ffab53fd000 	C:\WINDOWS\System32\KERNEL32.DLL
0x00007ffab36c0000 - 0x00007ffab398d000 	C:\WINDOWS\System32\KERNELBASE.dll
0x00007ffab4d80000 - 0x00007ffab4e2e000 	C:\WINDOWS\System32\ADVAPI32.dll
0x00007ffab5980000 - 0x00007ffab5a1e000 	C:\WINDOWS\System32\msvcrt.dll
0x00007ffab5770000 - 0x00007ffab580c000 	C:\WINDOWS\System32\sechost.dll
0x00007ffab50a0000 - 0x00007ffab51c5000 	C:\WINDOWS\System32\RPCRT4.dll
0x00007ffab5af0000 - 0x00007ffab5c90000 	C:\WINDOWS\System32\USER32.dll
0x00007ffab3e20000 - 0x00007ffab3e42000 	C:\WINDOWS\System32\win32u.dll
0x00007ffab4c70000 - 0x00007ffab4c9a000 	C:\WINDOWS\System32\GDI32.dll
0x00007ffab3a80000 - 0x00007ffab3b8b000 	C:\WINDOWS\System32\gdi32full.dll
0x00007ffab3d80000 - 0x00007ffab3e1d000 	C:\WINDOWS\System32\msvcp_win.dll
0x00007ffab35c0000 - 0x00007ffab36c0000 	C:\WINDOWS\System32\ucrtbase.dll
0x00007ffa98620000 - 0x00007ffa988ba000 	C:\WINDOWS\WinSxS\amd64_microsoft.windows.common-controls_6595b64144ccf1df_6.0.19041.1110_none_60b5254171f9507e\COMCTL32.dll
0x00007ffaa45b0000 - 0x00007ffaa45ba000 	C:\WINDOWS\SYSTEM32\VERSION.dll
0x00007ffab5300000 - 0x00007ffab5330000 	C:\WINDOWS\System32\IMM32.DLL
0x00007ffa9ec70000 - 0x00007ffa9ec86000 	C:\Program Files\Java\jdk-11.0.6\bin\vcruntime140.dll
0x00007ffa96020000 - 0x00007ffa960ca000 	C:\Program Files\Java\jdk-11.0.6\bin\msvcp140.dll
0x00007ffa4f7d0000 - 0x00007ffa502f9000 	C:\Program Files\Java\jdk-11.0.6\bin\server\jvm.dll
0x00007ffab5330000 - 0x00007ffab5338000 	C:\WINDOWS\System32\PSAPI.DLL
0x00007ffa96c40000 - 0x00007ffa96c49000 	C:\WINDOWS\SYSTEM32\WSOCK32.dll
0x00007ffa99a70000 - 0x00007ffa99a97000 	C:\WINDOWS\SYSTEM32\WINMM.dll
0x00007ffab5a80000 - 0x00007ffab5aeb000 	C:\WINDOWS\System32\WS2_32.dll
0x00007ffab1d90000 - 0x00007ffab1da2000 	C:\WINDOWS\SYSTEM32\kernel.appcore.dll
0x00007ffa9d2b0000 - 0x00007ffa9d2c1000 	C:\Program Files\Java\jdk-11.0.6\bin\verify.dll
0x00007ffab1110000 - 0x00007ffab12f4000 	C:\WINDOWS\SYSTEM32\DBGHELP.DLL
0x00007ffa95390000 - 0x00007ffa953bc000 	C:\WINDOWS\SYSTEM32\dbgcore.DLL
0x00007ffab3cf0000 - 0x00007ffab3d72000 	C:\WINDOWS\System32\bcryptPrimitives.dll
0x00007ffa9ab50000 - 0x00007ffa9ab79000 	C:\Program Files\Java\jdk-11.0.6\bin\java.dll
0x00007ffa9c510000 - 0x00007ffa9c526000 	C:\Program Files\Java\jdk-11.0.6\bin\zip.dll
0x00007ffaace90000 - 0x00007ffaace9a000 	C:\Program Files\Java\jdk-11.0.6\bin\jimage.dll

dbghelp: loaded successfully - version: 4.0.5 - missing functions: none
symbol engine: initialized successfully - sym options: 0x614 - pdb path: .;C:\Program Files\Java\jdk-11.0.6\bin;C:\WINDOWS\SYSTEM32;C:\WINDOWS\WinSxS\amd64_microsoft.windows.common-controls_6595b64144ccf1df_6.0.19041.1110_none_60b5254171f9507e;C:\Program Files\Java\jdk-11.0.6\bin\server

VM Arguments:
jvm_args: -Dfile.encoding=UTF-8 --module-path=C:\Users\venth\OneDrive\Desktop\Sheridan-Semester2\SoftwareDesign\week7\HotelReservationSystem\build\classes 
java_command: hotelreservationsystem.HotelReservationSystem
java_class_path (initial): C:\Users\venth\OneDrive\Desktop\Sheridan-Semester2\SoftwareDesign\week7\HotelReservationSystem\build\classes
Launcher Type: SUN_STANDARD

[Global flags]
     intx CICompilerCount                          = 4                                         {product} {ergonomic}
     uint ConcGCThreads                            = 2                                         {product} {ergonomic}
     uint G1ConcRefinementThreads                  = 8                                         {product} {ergonomic}
   size_t G1HeapRegionSize                         = 1048576                                   {product} {ergonomic}
    uintx GCDrainStackTargetSize                   = 64                                        {product} {ergonomic}
   size_t InitialHeapSize                          = 268435456                                 {product} {ergonomic}
   size_t MarkStackSize                            = 4194304                                   {product} {ergonomic}
   size_t MaxHeapSize                              = 4273995776                                {product} {ergonomic}
   size_t MinHeapDeltaBytes                        = 1048576                                   {product} {ergonomic}
    uintx NonNMethodCodeHeapSize                   = 5836300                                {pd product} {ergonomic}
    uintx NonProfiledCodeHeapSize                  = 122910970                              {pd product} {ergonomic}
    uintx ProfiledCodeHeapSize                     = 122910970                              {pd product} {ergonomic}
    uintx ReservedCodeCacheSize                    = 251658240                              {pd product} {ergonomic}
     bool SegmentedCodeCache                       = true                                      {product} {ergonomic}
     bool UseCompressedClassPointers               = true                                 {lp64_product} {ergonomic}
     bool UseCompressedOops                        = true                                 {lp64_product} {ergonomic}
     bool UseG1GC                                  = true                                      {product} {ergonomic}
     bool UseLargePagesIndividualAllocation        = false                                  {pd product} {ergonomic}

Logging:
Log output configuration:
 #0: stdout all=warning uptime,level,tags
 #1: stderr all=off uptime,level,tags

Environment Variables:
JAVA_HOME=C:\Program Files\Java\jdk-11.0.6
PATH=C:\Python39\Scripts\;C:\Python39\;C:\WINDOWS\system32;C:\WINDOWS;C:\WINDOWS\System32\Wbem;C:\WINDOWS\System32\WindowsPowerShell\v1.0\;C:\WINDOWS\System32\OpenSSH\;C:\Program Files\SourceGear\Common\DiffMerge\;C:\Program Files\Git\cmd;C:\Program Files\nodejs\;C:\ProgramData\chocolatey\bin;C:\Program Files (x86)\Bitvise SSH Client;C:\Program Files\MySQL\MySQL Shell 8.0\bin\;C:\Users\venth\AppData\Local\Microsoft\WindowsApps;C:\Program Files\Java\jdk-11.0.6\bin;;C:\Users\venth\AppData\Local\Programs\Microsoft VS Code\bin;C:\Users\venth\AppData\Roaming\npm
USERNAME=venth
OS=Windows_NT
PROCESSOR_IDENTIFIER=Intel64 Family 6 Model 142 Stepping 10, GenuineIntel



---------------  S Y S T E M  ---------------

OS: Windows 10 , 64 bit Build 19041 (10.0.19041.1741)

CPU:total 8 (initial active 8) (4 cores per cpu, 2 threads per core) family 6 model 142 stepping 10, cmov, cx8, fxsr, mmx, sse, sse2, sse3, ssse3, sse4.1, sse4.2, popcnt, avx, avx2, aes, clmul, erms, rtm, 3dnowpref, lzcnt, ht, tsc, tscinvbit, bmi1, bmi2, adx, fma

Memory: 4k page, system-wide physical 16301M (5351M free)
TotalPageFile size 46661M (AvailPageFile size 109M)
current process WorkingSet (physical memory assigned to process): 10M, peak: 10M
current process commit charge ("private bytes"): 60M, peak: 316M

vm_info: Java HotSpot(TM) 64-Bit Server VM (11.0.6+8-LTS) for windows-amd64 JRE (11.0.6+8-LTS), built on Dec 11 2019 09:17:57 by "mach5one" with MS VC++ 15.5 (VS2017)

END.
